[0.010s] Invoking command in '/home/emirhan/ros2_ws/build/mp_cpp_pkg': CMAKE_PREFIX_PATH=${CMAKE_PREFIX_PATH}:/home/emirhan/ros2_ws/install/my_py_pkg:/opt/ros/humble /usr/bin/cmake --build /home/emirhan/ros2_ws/build/mp_cpp_pkg -- -j8 -l8
[0.053s] [35m[1mConsolidate compiler generated dependencies of target number_counter[0m
[0.069s] [ 25%] Built target cpp_node
[0.069s] [ 25%] Built target robot_news_station
[0.070s] [ 43%] Built target add_two_ints_server
[0.070s] [ 56%] Built target add_two_ints_client_no_oop
[0.070s] [ 62%] Built target smartphone
[0.070s] [ 75%] Built target number_publisher
[0.075s] [ 87%] Built target add_two_ints_client
[0.076s] [ 93%] [32mBuilding CXX object CMakeFiles/number_counter.dir/src/number_counter.cpp.o[0m
[2.005s] [01m[K/home/emirhan/ros2_ws/src/mp_cpp_pkg/src/number_counter.cpp:[m[K In member function â€˜[01m[Kvoid numberCounterNode::numberCallNumberPublisher(example_interfaces::msg::Int64_<std::allocator<void> >::SharedPtr)[m[Kâ€™:
[2.005s] [01m[K/home/emirhan/ros2_ws/src/mp_cpp_pkg/src/number_counter.cpp:21:84:[m[K [01;35m[Kwarning: [m[Kunused parameter â€˜[01m[Kmsg[m[Kâ€™ [[01;35m[K]8;;https://gcc.gnu.org/onlinedocs/gcc/Warning-Options.html#index-Wunused-parameter-Wunused-parameter]8;;[m[K]
[2.005s]    21 |     void numberCallNumberPublisher([01;35m[Kconst example_interfaces::msg::Int64::SharedPtr msg[m[K)
[2.005s]       |                                    [01;35m[K~~~~~~~~~~~~~~~~~~~~~~~~~~~~~~~~~~~~~~~~~~~~~~~~^~~[m[K
[2.008s] [01m[K/home/emirhan/ros2_ws/src/mp_cpp_pkg/src/number_counter.cpp:[m[K In member function â€˜[01m[Kvoid numberCounterNode::resetCounterService(std::shared_ptr<example_interfaces::srv::SetBool_Request_<std::allocator<void> > >, std::shared_ptr<example_interfaces::srv::SetBool_Response_<std::allocator<void> > >)[m[Kâ€™:
[2.008s] [01m[K/home/emirhan/ros2_ws/src/mp_cpp_pkg/src/number_counter.cpp:34:24:[m[K [01;31m[Kerror: [m[Kno match for â€˜[01m[Koperator=[m[Kâ€™ (operand types are â€˜[01m[Kexample_interfaces::msg::Int64_<std::allocator<void> >[m[Kâ€™ and â€˜[01m[Kint[m[Kâ€™)
[2.008s]    34 |             counter_ = [01;31m[K0[m[K;
[2.008s]       |                        [01;31m[K^[m[K
[2.009s] In file included from [01m[K/opt/ros/humble/include/example_interfaces/example_interfaces/msg/int64.hpp:7[m[K,
[2.009s]                  from [01m[K/home/emirhan/ros2_ws/src/mp_cpp_pkg/src/number_counter.cpp:2[m[K:
[2.009s] [01m[K/opt/ros/humble/include/example_interfaces/example_interfaces/msg/detail/int64__struct.hpp:32:8:[m[K [01;36m[Knote: [m[Kcandidate: â€˜[01m[Kconstexpr example_interfaces::msg::Int64_<std::allocator<void> >& example_interfaces::msg::Int64_<std::allocator<void> >::operator=(const example_interfaces::msg::Int64_<std::allocator<void> >&)[m[Kâ€™
[2.009s]    32 | struct [01;36m[KInt64_[m[K
[2.009s]       |        [01;36m[K^~~~~~[m[K
[2.009s] [01m[K/opt/ros/humble/include/example_interfaces/example_interfaces/msg/detail/int64__struct.hpp:32:8:[m[K [01;36m[Knote: [m[K  no known conversion for argument 1 from â€˜[01m[Kint[m[Kâ€™ to â€˜[01m[Kconst example_interfaces::msg::Int64_<std::allocator<void> >&[m[Kâ€™
[2.009s] [01m[K/opt/ros/humble/include/example_interfaces/example_interfaces/msg/detail/int64__struct.hpp:32:8:[m[K [01;36m[Knote: [m[Kcandidate: â€˜[01m[Kconstexpr example_interfaces::msg::Int64_<std::allocator<void> >& example_interfaces::msg::Int64_<std::allocator<void> >::operator=(example_interfaces::msg::Int64_<std::allocator<void> >&&)[m[Kâ€™
[2.009s] [01m[K/opt/ros/humble/include/example_interfaces/example_interfaces/msg/detail/int64__struct.hpp:32:8:[m[K [01;36m[Knote: [m[K  no known conversion for argument 1 from â€˜[01m[Kint[m[Kâ€™ to â€˜[01m[Kexample_interfaces::msg::Int64_<std::allocator<void> >&&[m[Kâ€™
[4.090s] gmake[2]: *** [CMakeFiles/number_counter.dir/build.make:76: CMakeFiles/number_counter.dir/src/number_counter.cpp.o] Error 1
[4.091s] gmake[1]: *** [CMakeFiles/Makefile2:255: CMakeFiles/number_counter.dir/all] Error 2
[4.091s] gmake: *** [Makefile:146: all] Error 2
[4.093s] Invoked command in '/home/emirhan/ros2_ws/build/mp_cpp_pkg' returned '2': CMAKE_PREFIX_PATH=${CMAKE_PREFIX_PATH}:/home/emirhan/ros2_ws/install/my_py_pkg:/opt/ros/humble /usr/bin/cmake --build /home/emirhan/ros2_ws/build/mp_cpp_pkg -- -j8 -l8
