[35m[1mConsolidate compiler generated dependencies of target number_counter[0m
[ 25%] Built target cpp_node
[ 25%] Built target add_two_ints_server
[ 37%] Built target add_two_ints_client
[ 50%] Built target robot_news_station
[ 62%] Built target add_two_ints_client_no_oop
[ 75%] Built target number_publisher
[ 87%] Built target smartphone
[ 93%] [32mBuilding CXX object CMakeFiles/number_counter.dir/src/number_counter.cpp.o[0m
[01m[K/home/emirhan/ros2_ws/src/mp_cpp_pkg/src/number_counter.cpp:[m[K In member function â€˜[01m[Kvoid numberCounterNode::numberCallNumberPublisher(example_interfaces::msg::Int64_<std::allocator<void> >::SharedPtr)[m[Kâ€™:
[01m[K/home/emirhan/ros2_ws/src/mp_cpp_pkg/src/number_counter.cpp:23:9:[m[K [01;31m[Kerror: [m[Kâ€˜[01m[Kcounter_[m[Kâ€™ was not declared in this scope
   23 |         [01;31m[Kcounter_[m[K += msg->data;
      |         [01;31m[K^~~~~~~~[m[K
[01m[K/home/emirhan/ros2_ws/src/mp_cpp_pkg/src/number_counter.cpp:26:9:[m[K [01;31m[Kerror: [m[Kâ€˜[01m[Knumber_count_publisher_[m[Kâ€™ was not declared in this scope; did you mean â€˜[01m[Krmw_count_publishers[m[Kâ€™?
   26 |         [01;31m[Knumber_count_publisher_[m[K->publish(std::move(new_msg));
      |         [01;31m[K^~~~~~~~~~~~~~~~~~~~~~~[m[K
      |         [32m[Krmw_count_publishers[m[K
gmake[2]: *** [CMakeFiles/number_counter.dir/build.make:76: CMakeFiles/number_counter.dir/src/number_counter.cpp.o] Error 1
gmake[1]: *** [CMakeFiles/Makefile2:255: CMakeFiles/number_counter.dir/all] Error 2
gmake: *** [Makefile:146: all] Error 2
