[0.012s] Invoking command in '/home/emirhan/ros2_ws/build/mp_cpp_pkg': CMAKE_PREFIX_PATH=${CMAKE_PREFIX_PATH}:/home/emirhan/ros2_ws/install/my_py_pkg:/opt/ros/humble /usr/bin/cmake --build /home/emirhan/ros2_ws/build/mp_cpp_pkg -- -j8 -l8
[0.058s] [35m[1mConsolidate compiler generated dependencies of target number_counter[0m
[0.072s] [ 25%] Built target cpp_node
[0.072s] [ 25%] Built target add_two_ints_server
[0.072s] [ 37%] Built target add_two_ints_client
[0.073s] [ 50%] Built target robot_news_station
[0.073s] [ 62%] Built target add_two_ints_client_no_oop
[0.074s] [ 75%] Built target number_publisher
[0.076s] [ 87%] Built target smartphone
[0.080s] [ 93%] [32mBuilding CXX object CMakeFiles/number_counter.dir/src/number_counter.cpp.o[0m
[1.997s] [01m[K/home/emirhan/ros2_ws/src/mp_cpp_pkg/src/number_counter.cpp:[m[K In member function â€˜[01m[Kvoid numberCounterNode::numberCallNumberPublisher(example_interfaces::msg::Int64_<std::allocator<void> >::SharedPtr)[m[Kâ€™:
[1.997s] [01m[K/home/emirhan/ros2_ws/src/mp_cpp_pkg/src/number_counter.cpp:23:9:[m[K [01;31m[Kerror: [m[Kâ€˜[01m[Kcounter_[m[Kâ€™ was not declared in this scope
[1.997s]    23 |         [01;31m[Kcounter_[m[K += msg->data;
[1.998s]       |         [01;31m[K^~~~~~~~[m[K
[2.010s] [01m[K/home/emirhan/ros2_ws/src/mp_cpp_pkg/src/number_counter.cpp:26:9:[m[K [01;31m[Kerror: [m[Kâ€˜[01m[Knumber_count_publisher_[m[Kâ€™ was not declared in this scope; did you mean â€˜[01m[Krmw_count_publishers[m[Kâ€™?
[2.010s]    26 |         [01;31m[Knumber_count_publisher_[m[K->publish(std::move(new_msg));
[2.010s]       |         [01;31m[K^~~~~~~~~~~~~~~~~~~~~~~[m[K
[2.010s]       |         [32m[Krmw_count_publishers[m[K
[4.099s] gmake[2]: *** [CMakeFiles/number_counter.dir/build.make:76: CMakeFiles/number_counter.dir/src/number_counter.cpp.o] Error 1
[4.099s] gmake[1]: *** [CMakeFiles/Makefile2:255: CMakeFiles/number_counter.dir/all] Error 2
[4.100s] gmake: *** [Makefile:146: all] Error 2
[4.102s] Invoked command in '/home/emirhan/ros2_ws/build/mp_cpp_pkg' returned '2': CMAKE_PREFIX_PATH=${CMAKE_PREFIX_PATH}:/home/emirhan/ros2_ws/install/my_py_pkg:/opt/ros/humble /usr/bin/cmake --build /home/emirhan/ros2_ws/build/mp_cpp_pkg -- -j8 -l8
