[0.013s] Invoking command in '/home/emirhan/ros2_ws/build/mp_cpp_pkg': CMAKE_PREFIX_PATH=${CMAKE_PREFIX_PATH}:/home/emirhan/ros2_ws/install/my_py_pkg:/opt/ros/humble /usr/bin/cmake --build /home/emirhan/ros2_ws/build/mp_cpp_pkg -- -j8 -l8
[0.055s] [35m[1mConsolidate compiler generated dependencies of target number_counter[0m
[0.071s] [ 18%] Built target cpp_node
[0.073s] [ 37%] Built target smartphone
[0.073s] [ 50%] Built target add_two_ints_server
[0.073s] [ 62%] Built target number_publisher
[0.073s] [ 87%] Built target add_two_ints_client_no_oop
[0.073s] [ 87%] Built target add_two_ints_client
[0.074s] [ 87%] Built target robot_news_station
[0.082s] [ 93%] [32mBuilding CXX object CMakeFiles/number_counter.dir/src/number_counter.cpp.o[0m
[2.075s] [01m[K/home/emirhan/ros2_ws/src/mp_cpp_pkg/src/number_counter.cpp:[m[K In member function â€˜[01m[Kvoid numberCounterNode::numberCallNumberPublisher(example_interfaces::msg::Int64_<std::allocator<void> >::SharedPtr)[m[Kâ€™:
[2.075s] [01m[K/home/emirhan/ros2_ws/src/mp_cpp_pkg/src/number_counter.cpp:25:25:[m[K [01;31m[Kerror: [m[Kâ€˜[01m[Kcounter_[m[Kâ€™ was not declared in this scope
[2.075s]    25 |         new_msg->data = [01;31m[Kcounter_[m[K;
[2.075s]       |                         [01;31m[K^~~~~~~~[m[K
[2.082s] [01m[K/home/emirhan/ros2_ws/src/mp_cpp_pkg/src/number_counter.cpp:26:9:[m[K [01;31m[Kerror: [m[Kâ€˜[01m[Knumber_count_publisher_[m[Kâ€™ was not declared in this scope; did you mean â€˜[01m[Krmw_count_publishers[m[Kâ€™?
[2.082s]    26 |         [01;31m[Knumber_count_publisher_[m[K->publish(std::move(new_msg));
[2.082s]       |         [01;31m[K^~~~~~~~~~~~~~~~~~~~~~~[m[K
[2.082s]       |         [32m[Krmw_count_publishers[m[K
[2.082s] [01m[K/home/emirhan/ros2_ws/src/mp_cpp_pkg/src/number_counter.cpp:21:84:[m[K [01;35m[Kwarning: [m[Kunused parameter â€˜[01m[Kmsg[m[Kâ€™ [[01;35m[K]8;;https://gcc.gnu.org/onlinedocs/gcc/Warning-Options.html#index-Wunused-parameter-Wunused-parameter]8;;[m[K]
[2.082s]    21 |     void numberCallNumberPublisher([01;35m[Kconst example_interfaces::msg::Int64::SharedPtr msg[m[K)
[2.082s]       |                                    [01;35m[K~~~~~~~~~~~~~~~~~~~~~~~~~~~~~~~~~~~~~~~~~~~~~~~~^~~[m[K
[4.165s] gmake[2]: *** [CMakeFiles/number_counter.dir/build.make:76: CMakeFiles/number_counter.dir/src/number_counter.cpp.o] Error 1
[4.165s] gmake[1]: *** [CMakeFiles/Makefile2:255: CMakeFiles/number_counter.dir/all] Error 2
[4.166s] gmake: *** [Makefile:146: all] Error 2
[4.168s] Invoked command in '/home/emirhan/ros2_ws/build/mp_cpp_pkg' returned '2': CMAKE_PREFIX_PATH=${CMAKE_PREFIX_PATH}:/home/emirhan/ros2_ws/install/my_py_pkg:/opt/ros/humble /usr/bin/cmake --build /home/emirhan/ros2_ws/build/mp_cpp_pkg -- -j8 -l8
