[0.012s] Invoking command in '/home/emirhan/ros2_ws/build/mp_cpp_pkg': CMAKE_PREFIX_PATH=${CMAKE_PREFIX_PATH}:/home/emirhan/ros2_ws/install/my_py_pkg:/opt/ros/humble /usr/bin/cmake --build /home/emirhan/ros2_ws/build/mp_cpp_pkg -- -j8 -l8
[0.060s] [35m[1mConsolidate compiler generated dependencies of target number_publisher[0m
[0.060s] [35m[1mConsolidate compiler generated dependencies of target number_counter[0m
[0.070s] [ 25%] Built target cpp_node
[0.071s] [ 25%] Built target robot_news_station
[0.072s] [ 37%] Built target add_two_ints_server
[0.074s] [ 50%] Built target add_two_ints_client_no_oop
[0.077s] [ 62%] Built target smartphone
[0.077s] [ 75%] Built target add_two_ints_client
[0.080s] [ 81%] [32mBuilding CXX object CMakeFiles/number_publisher.dir/src/number_publisher.cpp.o[0m
[0.081s] [ 87%] [32mBuilding CXX object CMakeFiles/number_counter.dir/src/number_counter.cpp.o[0m
[2.135s] [01m[K/home/emirhan/ros2_ws/src/mp_cpp_pkg/src/number_counter.cpp:[m[K In member function â€˜[01m[Kvoid numberCounterNode::numberCallNumberPublisher(example_interfaces::msg::Int64_<std::allocator<void> >::SharedPtr)[m[Kâ€™:
[2.135s] [01m[K/home/emirhan/ros2_ws/src/mp_cpp_pkg/src/number_counter.cpp:23:9:[m[K [01;31m[Kerror: [m[Kâ€˜[01m[Kcounter_[m[Kâ€™ was not declared in this scope
[2.136s]    23 |         [01;31m[Kcounter_[m[K += msg->data;
[2.136s]       |         [01;31m[K^~~~~~~~[m[K
[2.148s] [01m[K/home/emirhan/ros2_ws/src/mp_cpp_pkg/src/number_counter.cpp:26:9:[m[K [01;31m[Kerror: [m[Kâ€˜[01m[Knumber_count_publisher_[m[Kâ€™ was not declared in this scope; did you mean â€˜[01m[Krmw_count_publishers[m[Kâ€™?
[2.148s]    26 |         [01;31m[Knumber_count_publisher_[m[K->publish(std::move(new_msg));
[2.149s]       |         [01;31m[K^~~~~~~~~~~~~~~~~~~~~~~[m[K
[2.149s]       |         [32m[Krmw_count_publishers[m[K
[3.739s] [ 93%] [32m[1mLinking CXX executable number_publisher[0m
[3.912s] [ 93%] Built target number_publisher
[4.295s] gmake[2]: *** [CMakeFiles/number_counter.dir/build.make:76: CMakeFiles/number_counter.dir/src/number_counter.cpp.o] Error 1
[4.296s] gmake[1]: *** [CMakeFiles/Makefile2:255: CMakeFiles/number_counter.dir/all] Error 2
[4.296s] gmake: *** [Makefile:146: all] Error 2
[4.298s] Invoked command in '/home/emirhan/ros2_ws/build/mp_cpp_pkg' returned '2': CMAKE_PREFIX_PATH=${CMAKE_PREFIX_PATH}:/home/emirhan/ros2_ws/install/my_py_pkg:/opt/ros/humble /usr/bin/cmake --build /home/emirhan/ros2_ws/build/mp_cpp_pkg -- -j8 -l8
