[01m[K/home/emirhan/ros2_ws/src/mp_cpp_pkg/src/number_publisher.cpp:[m[K In member function â€˜[01m[Kvoid numberPublisherNode::publishnews()[m[Kâ€™:
[01m[K/home/emirhan/ros2_ws/src/mp_cpp_pkg/src/number_publisher.cpp:16:25:[m[K [01;31m[Kerror: [m[Kâ€˜[01m[KInt64[m[Kâ€™ is not a member of â€˜[01m[Kstd[m[Kâ€™; did you mean â€˜[01m[Kint64_t[m[Kâ€™?
   16 |         msg.data = std::[01;31m[KInt64[m[K(10);
      |                         [01;31m[K^~~~~[m[K
      |                         [32m[Kint64_t[m[K
gmake[2]: *** [CMakeFiles/number_publisher.dir/build.make:76: CMakeFiles/number_publisher.dir/src/number_publisher.cpp.o] Error 1
gmake[1]: *** [CMakeFiles/Makefile2:221: CMakeFiles/number_publisher.dir/all] Error 2
gmake: *** [Makefile:146: all] Error 2
