[0.012s] Invoking command in '/home/emirhan/ros2_ws/build/mp_cpp_pkg': CMAKE_PREFIX_PATH=${CMAKE_PREFIX_PATH}:/home/emirhan/ros2_ws/install/my_py_pkg:/opt/ros/humble /usr/bin/cmake --build /home/emirhan/ros2_ws/build/mp_cpp_pkg -- -j8 -l8
[0.049s] [35m[1mConsolidate compiler generated dependencies of target number_publisher[0m
[0.057s] [ 50%] Built target smartphone
[0.057s] [ 50%] Built target robot_news_station
[0.061s] [ 75%] Built target cpp_node
[0.067s] [ 87%] [32mBuilding CXX object CMakeFiles/number_publisher.dir/src/number_publisher.cpp.o[0m
[2.008s] [01m[K/home/emirhan/ros2_ws/src/mp_cpp_pkg/src/number_publisher.cpp:[m[K In member function â€˜[01m[Kvoid numberPublisherNode::publishnews()[m[Kâ€™:
[2.008s] [01m[K/home/emirhan/ros2_ws/src/mp_cpp_pkg/src/number_publisher.cpp:16:25:[m[K [01;31m[Kerror: [m[Kâ€˜[01m[KInt64[m[Kâ€™ is not a member of â€˜[01m[Kstd[m[Kâ€™; did you mean â€˜[01m[Kint64_t[m[Kâ€™?
[2.008s]    16 |         msg.data = std::[01;31m[KInt64[m[K(10);
[2.009s]       |                         [01;31m[K^~~~~[m[K
[2.009s]       |                         [32m[Kint64_t[m[K
[2.569s] gmake[2]: *** [CMakeFiles/number_publisher.dir/build.make:76: CMakeFiles/number_publisher.dir/src/number_publisher.cpp.o] Error 1
[2.570s] gmake[1]: *** [CMakeFiles/Makefile2:221: CMakeFiles/number_publisher.dir/all] Error 2
[2.570s] gmake: *** [Makefile:146: all] Error 2
[2.572s] Invoked command in '/home/emirhan/ros2_ws/build/mp_cpp_pkg' returned '2': CMAKE_PREFIX_PATH=${CMAKE_PREFIX_PATH}:/home/emirhan/ros2_ws/install/my_py_pkg:/opt/ros/humble /usr/bin/cmake --build /home/emirhan/ros2_ws/build/mp_cpp_pkg -- -j8 -l8
