[0.013s] Invoking command in '/home/emirhan/ros2_ws/build/mp_cpp_pkg': CMAKE_PREFIX_PATH=${CMAKE_PREFIX_PATH}:/home/emirhan/ros2_ws/install/my_py_pkg:/opt/ros/humble /usr/bin/cmake --build /home/emirhan/ros2_ws/build/mp_cpp_pkg -- -j8 -l8
[0.053s] [35m[1mConsolidate compiler generated dependencies of target number_publisher[0m
[0.054s] [35m[1mConsolidate compiler generated dependencies of target number_counter[0m
[0.071s] [ 12%] Built target cpp_node
[0.072s] [ 37%] Built target smartphone
[0.072s] [ 37%] Built target robot_news_station
[0.073s] [ 50%] Built target add_two_ints_server
[0.074s] [ 62%] Built target add_two_ints_client_no_oop
[0.077s] [ 75%] Built target add_two_ints_client
[0.078s] [ 81%] [32mBuilding CXX object CMakeFiles/number_counter.dir/src/number_counter.cpp.o[0m
[0.079s] [ 93%] Built target number_publisher
[2.021s] [01m[K/home/emirhan/ros2_ws/src/mp_cpp_pkg/src/number_counter.cpp:[m[K In member function â€˜[01m[Kvoid numberCounterNode::numberCallNumberPublisher(example_interfaces::msg::Int64_<std::allocator<void> >::SharedPtr)[m[Kâ€™:
[2.021s] [01m[K/home/emirhan/ros2_ws/src/mp_cpp_pkg/src/number_counter.cpp:23:9:[m[K [01;31m[Kerror: [m[Kâ€˜[01m[Kcounter_[m[Kâ€™ was not declared in this scope
[2.022s]    23 |         [01;31m[Kcounter_[m[K += msg->data;
[2.022s]       |         [01;31m[K^~~~~~~~[m[K
[4.130s] gmake[2]: *** [CMakeFiles/number_counter.dir/build.make:76: CMakeFiles/number_counter.dir/src/number_counter.cpp.o] Error 1
[4.130s] gmake[1]: *** [CMakeFiles/Makefile2:255: CMakeFiles/number_counter.dir/all] Error 2
[4.131s] gmake: *** [Makefile:146: all] Error 2
[4.133s] Invoked command in '/home/emirhan/ros2_ws/build/mp_cpp_pkg' returned '2': CMAKE_PREFIX_PATH=${CMAKE_PREFIX_PATH}:/home/emirhan/ros2_ws/install/my_py_pkg:/opt/ros/humble /usr/bin/cmake --build /home/emirhan/ros2_ws/build/mp_cpp_pkg -- -j8 -l8
