[0.000000] (-) TimerEvent: {}
[0.000114] (-) JobUnselected: {'identifier': 'my_py_pkg'}
[0.000476] (mp_cpp_pkg) JobQueued: {'identifier': 'mp_cpp_pkg', 'dependencies': OrderedDict()}
[0.000498] (mp_cpp_pkg) JobStarted: {'identifier': 'mp_cpp_pkg'}
[0.012023] (mp_cpp_pkg) JobProgress: {'identifier': 'mp_cpp_pkg', 'progress': 'cmake'}
[0.012658] (mp_cpp_pkg) JobProgress: {'identifier': 'mp_cpp_pkg', 'progress': 'build'}
[0.013316] (mp_cpp_pkg) Command: {'cmd': ['/usr/bin/cmake', '--build', '/home/emirhan/ros2_ws/build/mp_cpp_pkg', '--', '-j8', '-l8'], 'cwd': '/home/emirhan/ros2_ws/build/mp_cpp_pkg', 'env': OrderedDict([('GJS_DEBUG_TOPICS', 'JS ERROR;JS LOG'), ('LESSOPEN', '| /usr/bin/lesspipe %s'), ('USER', 'emirhan'), ('LC_TIME', 'tr_TR.UTF-8'), ('XDG_SESSION_TYPE', 'wayland'), ('SHLVL', '1'), ('LD_LIBRARY_PATH', '/opt/ros/humble/opt/rviz_ogre_vendor/lib:/opt/ros/humble/lib/x86_64-linux-gnu:/opt/ros/humble/lib'), ('HOME', '/home/emirhan'), ('OLDPWD', '/home/emirhan'), ('DESKTOP_SESSION', 'ubuntu'), ('GIO_LAUNCHED_DESKTOP_FILE', '/usr/share/applications/terminator.desktop'), ('ROS_PYTHON_VERSION', '3'), ('GNOME_SHELL_SESSION_MODE', 'ubuntu'), ('GTK_MODULES', 'gail:atk-bridge'), ('LC_MONETARY', 'tr_TR.UTF-8'), ('MANAGERPID', '1253'), ('SYSTEMD_EXEC_PID', '1409'), ('DBUS_SESSION_BUS_ADDRESS', 'unix:path=/run/user/1000/bus'), ('COLORTERM', 'truecolor'), ('TERMINATOR_DBUS_NAME', 'net.tenshu.Terminator25ef4b219e3b005583550f2b0f9f990c3'), ('GIO_LAUNCHED_DESKTOP_FILE_PID', '39112'), ('IM_CONFIG_PHASE', '1'), ('WAYLAND_DISPLAY', 'wayland-0'), ('COLCON_PREFIX_PATH', '/home/emirhan/ros2_ws/install'), ('ROS_DISTRO', 'humble'), ('LOGNAME', 'emirhan'), ('JOURNAL_STREAM', '8:28013'), ('_', '/usr/bin/colcon'), ('ROS_VERSION', '2'), ('XDG_SESSION_CLASS', 'user'), ('USERNAME', 'emirhan'), ('TERM', 'xterm-256color'), ('GNOME_DESKTOP_SESSION_ID', 'this-is-deprecated'), ('ROS_LOCALHOST_ONLY', '0'), ('PATH', '/opt/ros/humble/bin:/usr/local/sbin:/usr/local/bin:/usr/sbin:/usr/bin:/sbin:/bin:/usr/games:/usr/local/games:/snap/bin:/snap/bin'), ('SESSION_MANAGER', 'local/Emirhan:@/tmp/.ICE-unix/1388,unix/Emirhan:/tmp/.ICE-unix/1388'), ('INVOCATION_ID', '7905678bbe334ad08e0ad671a0d9fda1'), ('XDG_MENU_PREFIX', 'gnome-'), ('LC_ADDRESS', 'tr_TR.UTF-8'), ('GNOME_SETUP_DISPLAY', ':1'), ('XDG_RUNTIME_DIR', '/run/user/1000'), ('DISPLAY', ':0'), ('TERMINATOR_DBUS_PATH', '/net/tenshu/Terminator2'), ('LANG', 'en_US.UTF-8'), ('XDG_CURRENT_DESKTOP', 'ubuntu:GNOME'), ('LC_TELEPHONE', 'tr_TR.UTF-8'), ('XMODIFIERS', '@im=ibus'), ('XDG_SESSION_DESKTOP', 'ubuntu'), ('XAUTHORITY', '/run/user/1000/.mutter-Xwaylandauth.C4AV91'), ('LS_COLORS', 'rs=0:di=01;34:ln=01;36:mh=00:pi=40;33:so=01;35:do=01;35:bd=40;33;01:cd=40;33;01:or=40;31;01:mi=00:su=37;41:sg=30;43:ca=30;41:tw=30;42:ow=34;42:st=37;44:ex=01;32:*.tar=01;31:*.tgz=01;31:*.arc=01;31:*.arj=01;31:*.taz=01;31:*.lha=01;31:*.lz4=01;31:*.lzh=01;31:*.lzma=01;31:*.tlz=01;31:*.txz=01;31:*.tzo=01;31:*.t7z=01;31:*.zip=01;31:*.z=01;31:*.dz=01;31:*.gz=01;31:*.lrz=01;31:*.lz=01;31:*.lzo=01;31:*.xz=01;31:*.zst=01;31:*.tzst=01;31:*.bz2=01;31:*.bz=01;31:*.tbz=01;31:*.tbz2=01;31:*.tz=01;31:*.deb=01;31:*.rpm=01;31:*.jar=01;31:*.war=01;31:*.ear=01;31:*.sar=01;31:*.rar=01;31:*.alz=01;31:*.ace=01;31:*.zoo=01;31:*.cpio=01;31:*.7z=01;31:*.rz=01;31:*.cab=01;31:*.wim=01;31:*.swm=01;31:*.dwm=01;31:*.esd=01;31:*.jpg=01;35:*.jpeg=01;35:*.mjpg=01;35:*.mjpeg=01;35:*.gif=01;35:*.bmp=01;35:*.pbm=01;35:*.pgm=01;35:*.ppm=01;35:*.tga=01;35:*.xbm=01;35:*.xpm=01;35:*.tif=01;35:*.tiff=01;35:*.png=01;35:*.svg=01;35:*.svgz=01;35:*.mng=01;35:*.pcx=01;35:*.mov=01;35:*.mpg=01;35:*.mpeg=01;35:*.m2v=01;35:*.mkv=01;35:*.webm=01;35:*.webp=01;35:*.ogm=01;35:*.mp4=01;35:*.m4v=01;35:*.mp4v=01;35:*.vob=01;35:*.qt=01;35:*.nuv=01;35:*.wmv=01;35:*.asf=01;35:*.rm=01;35:*.rmvb=01;35:*.flc=01;35:*.avi=01;35:*.fli=01;35:*.flv=01;35:*.gl=01;35:*.dl=01;35:*.xcf=01;35:*.xwd=01;35:*.yuv=01;35:*.cgm=01;35:*.emf=01;35:*.ogv=01;35:*.ogx=01;35:*.aac=00;36:*.au=00;36:*.flac=00;36:*.m4a=00;36:*.mid=00;36:*.midi=00;36:*.mka=00;36:*.mp3=00;36:*.mpc=00;36:*.ogg=00;36:*.ra=00;36:*.wav=00;36:*.oga=00;36:*.opus=00;36:*.spx=00;36:*.xspf=00;36:'), ('SSH_AGENT_LAUNCHER', 'gnome-keyring'), ('SSH_AUTH_SOCK', '/run/user/1000/keyring/ssh'), ('AMENT_PREFIX_PATH', '/home/emirhan/ros2_ws/install/my_py_pkg:/home/emirhan/ros2_ws/install/mp_cpp_pkg:/opt/ros/humble'), ('SHELL', '/bin/bash'), ('LC_NAME', 'tr_TR.UTF-8'), ('TERMINATOR_UUID', 'urn:uuid:7fbe1ad0-dfc6-4c8f-ad62-80476e646712'), ('QT_ACCESSIBILITY', '1'), ('GDMSESSION', 'ubuntu'), ('LESSCLOSE', '/usr/bin/lesspipe %s %s'), ('LC_MEASUREMENT', 'tr_TR.UTF-8'), ('GJS_DEBUG_OUTPUT', 'stderr'), ('LC_IDENTIFICATION', 'tr_TR.UTF-8'), ('QT_IM_MODULE', 'ibus'), ('PWD', '/home/emirhan/ros2_ws/build/mp_cpp_pkg'), ('LC_ALL', 'en_US.UTF-8'), ('XDG_CONFIG_DIRS', '/etc/xdg/xdg-ubuntu:/etc/xdg'), ('XDG_DATA_DIRS', '/usr/share/ubuntu:/usr/local/share/:/usr/share/:/var/lib/snapd/desktop'), ('PYTHONPATH', '/home/emirhan/ros2_ws/install/my_py_pkg/lib/python3.10/site-packages:/opt/ros/humble/lib/python3.10/site-packages:/opt/ros/humble/local/lib/python3.10/dist-packages'), ('LC_NUMERIC', 'tr_TR.UTF-8'), ('LC_PAPER', 'tr_TR.UTF-8'), ('COLCON', '1'), ('VTE_VERSION', '6800'), ('CMAKE_PREFIX_PATH', '/home/emirhan/ros2_ws/install/mp_cpp_pkg:/home/emirhan/ros2_ws/install/my_py_pkg:/opt/ros/humble')]), 'shell': False}
[0.089819] (mp_cpp_pkg) StdoutLine: {'line': b'-- Found ament_cmake: 1.3.5 (/opt/ros/humble/share/ament_cmake/cmake)\n'}
[0.099190] (-) TimerEvent: {}
[0.199544] (-) TimerEvent: {}
[0.228285] (mp_cpp_pkg) StdoutLine: {'line': b'-- Override CMake install command with custom implementation using symlinks instead of copying resources\n'}
[0.268361] (mp_cpp_pkg) StdoutLine: {'line': b'-- Found rclcpp: 16.0.5 (/opt/ros/humble/share/rclcpp/cmake)\n'}
[0.299663] (-) TimerEvent: {}
[0.318957] (mp_cpp_pkg) StdoutLine: {'line': b'-- Found rosidl_generator_c: 3.1.5 (/opt/ros/humble/share/rosidl_generator_c/cmake)\n'}
[0.321291] (mp_cpp_pkg) StdoutLine: {'line': b'-- Found rosidl_adapter: 3.1.5 (/opt/ros/humble/share/rosidl_adapter/cmake)\n'}
[0.326958] (mp_cpp_pkg) StdoutLine: {'line': b'-- Found rosidl_generator_cpp: 3.1.5 (/opt/ros/humble/share/rosidl_generator_cpp/cmake)\n'}
[0.337338] (mp_cpp_pkg) StdoutLine: {'line': b'-- Using all available rosidl_typesupport_c: rosidl_typesupport_fastrtps_c;rosidl_typesupport_introspection_c\n'}
[0.352356] (mp_cpp_pkg) StdoutLine: {'line': b'-- Using all available rosidl_typesupport_cpp: rosidl_typesupport_fastrtps_cpp;rosidl_typesupport_introspection_cpp\n'}
[0.399768] (-) TimerEvent: {}
[0.409151] (mp_cpp_pkg) StdoutLine: {'line': b'-- Found rmw_implementation_cmake: 6.1.1 (/opt/ros/humble/share/rmw_implementation_cmake/cmake)\n'}
[0.410667] (mp_cpp_pkg) StdoutLine: {'line': b'-- Found rmw_fastrtps_cpp: 6.2.3 (/opt/ros/humble/share/rmw_fastrtps_cpp/cmake)\n'}
[0.499893] (-) TimerEvent: {}
[0.517071] (mp_cpp_pkg) StdoutLine: {'line': b"-- Using RMW implementation 'rmw_fastrtps_cpp' as default\n"}
[0.600014] (-) TimerEvent: {}
[0.669880] (mp_cpp_pkg) StdoutLine: {'line': b'-- Found example_interfaces: 0.9.3 (/opt/ros/humble/share/example_interfaces/cmake)\n'}
[0.700111] (-) TimerEvent: {}
[0.800388] (-) TimerEvent: {}
[0.872609] (mp_cpp_pkg) StdoutLine: {'line': b'-- Configuring done\n'}
[0.900499] (-) TimerEvent: {}
[0.901813] (mp_cpp_pkg) StdoutLine: {'line': b'-- Generating done\n'}
[0.903434] (mp_cpp_pkg) StdoutLine: {'line': b'-- Build files have been written to: /home/emirhan/ros2_ws/build/mp_cpp_pkg\n'}
[0.923393] (mp_cpp_pkg) StdoutLine: {'line': b'\x1b[35m\x1b[1mConsolidate compiler generated dependencies of target cpp_node\x1b[0m\n'}
[0.923571] (mp_cpp_pkg) StdoutLine: {'line': b'\x1b[35m\x1b[1mConsolidate compiler generated dependencies of target smartphone\x1b[0m\n'}
[0.923664] (mp_cpp_pkg) StdoutLine: {'line': b'\x1b[35m\x1b[1mConsolidate compiler generated dependencies of target robot_news_station\x1b[0m\n'}
[0.933587] (mp_cpp_pkg) StdoutLine: {'line': b'[ 12%] \x1b[32mBuilding CXX object CMakeFiles/number.dir/src/number_publisher.cpp.o\x1b[0m\n'}
[0.941326] (mp_cpp_pkg) StdoutLine: {'line': b'[ 50%] Built target smartphone\n'}
[0.941559] (mp_cpp_pkg) StdoutLine: {'line': b'[ 50%] \x1b[32mBuilding CXX object CMakeFiles/cpp_node.dir/src/my_first_node.cpp.o\x1b[0m\n'}
[0.943068] (mp_cpp_pkg) StdoutLine: {'line': b'[ 75%] Built target robot_news_station\n'}
[0.977074] (mp_cpp_pkg) StderrLine: {'line': b'\x1b[01m\x1b[K/home/emirhan/ros2_ws/src/mp_cpp_pkg/src/number_publisher.cpp:1:10:\x1b[m\x1b[K \x1b[01;31m\x1b[Kfatal error: \x1b[m\x1b[Krclcpp/rclcpp.hpp: No such file or directory\n'}
[0.977317] (mp_cpp_pkg) StderrLine: {'line': b'    1 | #include \x1b[01;31m\x1b[K"rclcpp/rclcpp.hpp"\x1b[m\x1b[K\n'}
[0.977462] (mp_cpp_pkg) StderrLine: {'line': b'      |          \x1b[01;31m\x1b[K^~~~~~~~~~~~~~~~~~~\x1b[m\x1b[K\n'}
[0.977579] (mp_cpp_pkg) StderrLine: {'line': b'compilation terminated.\n'}
[0.978024] (mp_cpp_pkg) StderrLine: {'line': b'gmake[2]: *** [CMakeFiles/number.dir/build.make:76: CMakeFiles/number.dir/src/number_publisher.cpp.o] Error 1\n'}
[0.978249] (mp_cpp_pkg) StderrLine: {'line': b'gmake[1]: *** [CMakeFiles/Makefile2:221: CMakeFiles/number.dir/all] Error 2\n'}
[0.978389] (mp_cpp_pkg) StderrLine: {'line': b'gmake[1]: *** Waiting for unfinished jobs....\n'}
[1.000570] (-) TimerEvent: {}
[1.100793] (-) TimerEvent: {}
[1.201062] (-) TimerEvent: {}
[1.301322] (-) TimerEvent: {}
[1.401584] (-) TimerEvent: {}
[1.501870] (-) TimerEvent: {}
[1.602158] (-) TimerEvent: {}
[1.702442] (-) TimerEvent: {}
[1.802734] (-) TimerEvent: {}
[1.903017] (-) TimerEvent: {}
[2.003309] (-) TimerEvent: {}
[2.103600] (-) TimerEvent: {}
[2.203886] (-) TimerEvent: {}
[2.304179] (-) TimerEvent: {}
[2.404472] (-) TimerEvent: {}
[2.504763] (-) TimerEvent: {}
[2.605061] (-) TimerEvent: {}
[2.705355] (-) TimerEvent: {}
[2.805682] (-) TimerEvent: {}
[2.905967] (-) TimerEvent: {}
[3.006253] (-) TimerEvent: {}
[3.106543] (-) TimerEvent: {}
[3.206827] (-) TimerEvent: {}
[3.307108] (-) TimerEvent: {}
[3.407378] (-) TimerEvent: {}
[3.431194] (mp_cpp_pkg) StdoutLine: {'line': b'[ 87%] \x1b[32m\x1b[1mLinking CXX executable cpp_node\x1b[0m\n'}
[3.507560] (-) TimerEvent: {}
[3.604216] (mp_cpp_pkg) StdoutLine: {'line': b'[ 87%] Built target cpp_node\n'}
[3.605438] (mp_cpp_pkg) StderrLine: {'line': b'gmake: *** [Makefile:146: all] Error 2\n'}
[3.607111] (mp_cpp_pkg) CommandEnded: {'returncode': 2}
[3.607806] (-) TimerEvent: {}
[3.657920] (mp_cpp_pkg) JobEnded: {'identifier': 'mp_cpp_pkg', 'rc': 2}
[3.668773] (-) EventReactorShutdown: {}
