[01m[K/home/emirhan/ros2_ws/src/mp_cpp_pkg/src/number_publisher.cpp:[m[K In constructor â€˜[01m[KnumberPublisherNode::numberPublisherNode()[m[Kâ€™:
[01m[K/home/emirhan/ros2_ws/src/mp_cpp_pkg/src/number_publisher.cpp:11:99:[m[K [01;31m[Kerror: [m[Kâ€˜[01m[KpublishNumber[m[Kâ€™ is not a member of â€˜[01m[KnumberPublisherNode[m[Kâ€™
   11 |         timer_ = this->create_wall_timer(std::chrono::seconds(1), std::bind(&numberPublisherNode::[01;31m[KpublishNumber[m[K, this));
      |                                                                                                   [01;31m[K^~~~~~~~~~~~~[m[K
gmake[2]: *** [CMakeFiles/number_publisher.dir/build.make:76: CMakeFiles/number_publisher.dir/src/number_publisher.cpp.o] Error 1
gmake[1]: *** [CMakeFiles/Makefile2:223: CMakeFiles/number_publisher.dir/all] Error 2
gmake: *** [Makefile:146: all] Error 2
