[35m[1mConsolidate compiler generated dependencies of target number_publisher[0m
[ 40%] Built target smartphone
[ 40%] Built target cpp_node
[ 60%] Built target robot_news_station
[ 80%] Built target number_counter
[ 90%] [32mBuilding CXX object CMakeFiles/number_publisher.dir/src/number_publisher.cpp.o[0m
[01m[K/home/emirhan/ros2_ws/src/mp_cpp_pkg/src/number_publisher.cpp:[m[K In constructor â€˜[01m[KnumberPublisherNode::numberPublisherNode()[m[Kâ€™:
[01m[K/home/emirhan/ros2_ws/src/mp_cpp_pkg/src/number_publisher.cpp:11:99:[m[K [01;31m[Kerror: [m[Kâ€˜[01m[KpublishNumber[m[Kâ€™ is not a member of â€˜[01m[KnumberPublisherNode[m[Kâ€™
   11 |         timer_ = this->create_wall_timer(std::chrono::seconds(1), std::bind(&numberPublisherNode::[01;31m[KpublishNumber[m[K, this));
      |                                                                                                   [01;31m[K^~~~~~~~~~~~~[m[K
gmake[2]: *** [CMakeFiles/number_publisher.dir/build.make:76: CMakeFiles/number_publisher.dir/src/number_publisher.cpp.o] Error 1
gmake[1]: *** [CMakeFiles/Makefile2:223: CMakeFiles/number_publisher.dir/all] Error 2
gmake: *** [Makefile:146: all] Error 2
