[0.012s] Invoking command in '/home/emirhan/ros2_ws/build/mp_cpp_pkg': CMAKE_PREFIX_PATH=${CMAKE_PREFIX_PATH}:/home/emirhan/ros2_ws/install/my_py_pkg:/opt/ros/humble /usr/bin/cmake --build /home/emirhan/ros2_ws/build/mp_cpp_pkg -- -j8 -l8
[0.047s] [35m[1mConsolidate compiler generated dependencies of target number_publisher[0m
[0.060s] [ 40%] Built target smartphone
[0.060s] [ 40%] Built target cpp_node
[0.061s] [ 60%] Built target robot_news_station
[0.063s] [ 80%] Built target number_counter
[0.067s] [ 90%] [32mBuilding CXX object CMakeFiles/number_publisher.dir/src/number_publisher.cpp.o[0m
[1.964s] [01m[K/home/emirhan/ros2_ws/src/mp_cpp_pkg/src/number_publisher.cpp:[m[K In constructor â€˜[01m[KnumberPublisherNode::numberPublisherNode()[m[Kâ€™:
[1.964s] [01m[K/home/emirhan/ros2_ws/src/mp_cpp_pkg/src/number_publisher.cpp:11:99:[m[K [01;31m[Kerror: [m[Kâ€˜[01m[KpublishNumber[m[Kâ€™ is not a member of â€˜[01m[KnumberPublisherNode[m[Kâ€™
[1.965s]    11 |         timer_ = this->create_wall_timer(std::chrono::seconds(1), std::bind(&numberPublisherNode::[01;31m[KpublishNumber[m[K, this));
[1.965s]       |                                                                                                   [01;31m[K^~~~~~~~~~~~~[m[K
[2.600s] gmake[2]: *** [CMakeFiles/number_publisher.dir/build.make:76: CMakeFiles/number_publisher.dir/src/number_publisher.cpp.o] Error 1
[2.601s] gmake[1]: *** [CMakeFiles/Makefile2:223: CMakeFiles/number_publisher.dir/all] Error 2
[2.601s] gmake: *** [Makefile:146: all] Error 2
[2.603s] Invoked command in '/home/emirhan/ros2_ws/build/mp_cpp_pkg' returned '2': CMAKE_PREFIX_PATH=${CMAKE_PREFIX_PATH}:/home/emirhan/ros2_ws/install/my_py_pkg:/opt/ros/humble /usr/bin/cmake --build /home/emirhan/ros2_ws/build/mp_cpp_pkg -- -j8 -l8
