[0.012s] Invoking command in '/home/emirhan/ros2_ws/build/mp_cpp_pkg': CMAKE_PREFIX_PATH=${CMAKE_PREFIX_PATH}:/home/emirhan/ros2_ws/install/my_py_pkg:/opt/ros/humble /usr/bin/cmake --build /home/emirhan/ros2_ws/build/mp_cpp_pkg -- -j8 -l8
[0.044s] [35m[1mConsolidate compiler generated dependencies of target number_publisher[0m
[0.055s] [ 20%] Built target robot_news_station
[0.056s] [ 40%] Built target smartphone
[0.059s] [ 60%] Built target number_counter
[0.060s] [ 80%] Built target cpp_node
[0.063s] [ 90%] [32mBuilding CXX object CMakeFiles/number_publisher.dir/src/number_publisher.cpp.o[0m
[1.932s] [01m[K/home/emirhan/ros2_ws/src/mp_cpp_pkg/src/number_publisher.cpp:[m[K In constructor â€˜[01m[KnumberPublisherNode::numberPublisherNode()[m[Kâ€™:
[1.932s] [01m[K/home/emirhan/ros2_ws/src/mp_cpp_pkg/src/number_publisher.cpp:9:13:[m[K [01;35m[Kwarning: [m[Kunused variable â€˜[01m[Kcounter_[m[Kâ€™ [[01;35m[K]8;;https://gcc.gnu.org/onlinedocs/gcc/Warning-Options.html#index-Wunused-variable-Wunused-variable]8;;[m[K]
[1.932s]     9 |         int [01;35m[Kcounter_[m[K =0;
[1.932s]       |             [01;35m[K^~~~~~~~[m[K
[1.937s] [01m[K/home/emirhan/ros2_ws/src/mp_cpp_pkg/src/number_publisher.cpp:[m[K In member function â€˜[01m[Kvoid numberPublisherNode::PublishNenws()[m[Kâ€™:
[1.937s] [01m[K/home/emirhan/ros2_ws/src/mp_cpp_pkg/src/number_publisher.cpp:18:33:[m[K [01;31m[Kerror: [m[Kâ€˜[01m[Kcounter_[m[Kâ€™ was not declared in this scope
[1.937s]    18 |         msg.data = std::int16_t([01;31m[Kcounter_[m[K);
[1.937s]       |                                 [01;31m[K^~~~~~~~[m[K
[2.563s] gmake[2]: *** [CMakeFiles/number_publisher.dir/build.make:76: CMakeFiles/number_publisher.dir/src/number_publisher.cpp.o] Error 1
[2.563s] gmake[1]: *** [CMakeFiles/Makefile2:223: CMakeFiles/number_publisher.dir/all] Error 2
[2.564s] gmake: *** [Makefile:146: all] Error 2
[2.566s] Invoked command in '/home/emirhan/ros2_ws/build/mp_cpp_pkg' returned '2': CMAKE_PREFIX_PATH=${CMAKE_PREFIX_PATH}:/home/emirhan/ros2_ws/install/my_py_pkg:/opt/ros/humble /usr/bin/cmake --build /home/emirhan/ros2_ws/build/mp_cpp_pkg -- -j8 -l8
