[0.012s] Invoking command in '/home/emirhan/ros2_ws/build/mp_cpp_pkg': CMAKE_PREFIX_PATH=${CMAKE_PREFIX_PATH}:/home/emirhan/ros2_ws/install/my_py_pkg:/opt/ros/humble /usr/bin/cmake --build /home/emirhan/ros2_ws/build/mp_cpp_pkg -- -j8 -l8
[0.053s] [35m[1mConsolidate compiler generated dependencies of target number_counter[0m
[0.068s] [ 31%] [32mBuilding CXX object CMakeFiles/number_publisher.dir/src/number_publisher.cpp.o[0m
[0.068s] [ 31%] Built target add_two_ints_server
[0.068s] [ 31%] Built target robot_news_station
[0.069s] [ 43%] Built target cpp_node
[0.070s] [ 68%] Built target add_two_ints_client_no_oop
[0.070s] [ 68%] Built target smartphone
[0.075s] [ 81%] Built target add_two_ints_client
[0.078s] [ 87%] [32mBuilding CXX object CMakeFiles/number_counter.dir/src/number_counter.cpp.o[0m
[2.043s] [01m[K/home/emirhan/ros2_ws/src/mp_cpp_pkg/src/number_counter.cpp:[m[K In constructor â€˜[01m[KnumberCounterNode::numberCounterNode()[m[Kâ€™:
[2.043s] [01m[K/home/emirhan/ros2_ws/src/mp_cpp_pkg/src/number_counter.cpp:8:51:[m[K [01;31m[Kerror: [m[Kclass â€˜[01m[KnumberCounterNode[m[Kâ€™ does not have any field named â€˜[01m[Kcounter_[m[Kâ€™
[2.043s]     8 |     numberCounterNode() : Node("number_counter"), [01;31m[Kcounter_[m[K(0)
[2.043s]       |                                                   [01;31m[K^~~~~~~~[m[K
[2.056s] [01m[K/home/emirhan/ros2_ws/src/mp_cpp_pkg/src/number_counter.cpp:[m[K In member function â€˜[01m[Kvoid numberCounterNode::numberCallNumberPublisher(example_interfaces::msg::Int64_<std::allocator<void> >::SharedPtr)[m[Kâ€™:
[2.056s] [01m[K/home/emirhan/ros2_ws/src/mp_cpp_pkg/src/number_counter.cpp:21:84:[m[K [01;35m[Kwarning: [m[Kunused parameter â€˜[01m[Kmsg[m[Kâ€™ [[01;35m[K]8;;https://gcc.gnu.org/onlinedocs/gcc/Warning-Options.html#index-Wunused-parameter-Wunused-parameter]8;;[m[K]
[2.056s]    21 |     void numberCallNumberPublisher([01;35m[Kconst example_interfaces::msg::Int64::SharedPtr msg[m[K)
[2.056s]       |                                    [01;35m[K~~~~~~~~~~~~~~~~~~~~~~~~~~~~~~~~~~~~~~~~~~~~~~~~^~~[m[K
[2.064s] [01m[K/home/emirhan/ros2_ws/src/mp_cpp_pkg/src/number_counter.cpp:[m[K In member function â€˜[01m[Kvoid numberCounterNode::resetCounterService(std::shared_ptr<example_interfaces::srv::SetBool_Request_<std::allocator<void> > >, std::shared_ptr<example_interfaces::srv::SetBool_Response_<std::allocator<void> > >)[m[Kâ€™:
[2.064s] [01m[K/home/emirhan/ros2_ws/src/mp_cpp_pkg/src/number_counter.cpp:32:13:[m[K [01;31m[Kerror: [m[Kâ€˜[01m[Kcounter_[m[Kâ€™ was not declared in this scope
[2.064s]    32 |             [01;31m[Kcounter_[m[K =  0;
[2.064s]       |             [01;31m[K^~~~~~~~[m[K
[3.641s] [ 93%] [32m[1mLinking CXX executable number_publisher[0m
[3.816s] [ 93%] Built target number_publisher
[4.220s] gmake[2]: *** [CMakeFiles/number_counter.dir/build.make:76: CMakeFiles/number_counter.dir/src/number_counter.cpp.o] Error 1
[4.221s] gmake[1]: *** [CMakeFiles/Makefile2:255: CMakeFiles/number_counter.dir/all] Error 2
[4.221s] gmake: *** [Makefile:146: all] Error 2
[4.223s] Invoked command in '/home/emirhan/ros2_ws/build/mp_cpp_pkg' returned '2': CMAKE_PREFIX_PATH=${CMAKE_PREFIX_PATH}:/home/emirhan/ros2_ws/install/my_py_pkg:/opt/ros/humble /usr/bin/cmake --build /home/emirhan/ros2_ws/build/mp_cpp_pkg -- -j8 -l8
