[01m[K/home/emirhan/ros2_ws/src/mp_cpp_pkg/src/number_counter.cpp:[m[K In member function â€˜[01m[Kvoid numberCounterNode::numberCallNumberPublisher(example_interfaces::msg::Int64_<std::allocator<void> >::SharedPtr)[m[Kâ€™:
[01m[K/home/emirhan/ros2_ws/src/mp_cpp_pkg/src/number_counter.cpp:23:15:[m[K [01;31m[Kerror: [m[Kâ€˜[01m[Kclass numberCounterNode[m[Kâ€™ has no member named â€˜[01m[Kcounter_[m[Kâ€™
   23 |         this->[01;31m[Kcounter_[m[K += msg->data;
      |               [01;31m[K^~~~~~~~[m[K
[01m[K/home/emirhan/ros2_ws/src/mp_cpp_pkg/src/number_counter.cpp:25:25:[m[K [01;31m[Kerror: [m[Kâ€˜[01m[Kcounter_[m[Kâ€™ was not declared in this scope
   25 |         new_msg->data = [01;31m[Kcounter_[m[K;
      |                         [01;31m[K^~~~~~~~[m[K
[01m[K/home/emirhan/ros2_ws/src/mp_cpp_pkg/src/number_counter.cpp:26:9:[m[K [01;31m[Kerror: [m[Kâ€˜[01m[Knumber_count_publisher_[m[Kâ€™ was not declared in this scope; did you mean â€˜[01m[Krmw_count_publishers[m[Kâ€™?
   26 |         [01;31m[Knumber_count_publisher_[m[K->publish(std::move(new_msg));
      |         [01;31m[K^~~~~~~~~~~~~~~~~~~~~~~[m[K
      |         [32m[Krmw_count_publishers[m[K
gmake[2]: *** [CMakeFiles/number_counter.dir/build.make:76: CMakeFiles/number_counter.dir/src/number_counter.cpp.o] Error 1
gmake[1]: *** [CMakeFiles/Makefile2:255: CMakeFiles/number_counter.dir/all] Error 2
gmake: *** [Makefile:146: all] Error 2
