[0.011s] Invoking command in '/home/emirhan/ros2_ws/build/mp_cpp_pkg': CMAKE_PREFIX_PATH=${CMAKE_PREFIX_PATH}:/home/emirhan/ros2_ws/install/my_py_pkg:/opt/ros/humble /usr/bin/cmake --build /home/emirhan/ros2_ws/build/mp_cpp_pkg -- -j8 -l8
[0.052s] [35m[1mConsolidate compiler generated dependencies of target number_counter[0m
[0.068s] [ 18%] Built target cpp_node
[0.068s] [ 43%] Built target add_two_ints_server
[0.069s] [ 43%] Built target robot_news_station
[0.069s] [ 56%] Built target number_publisher
[0.070s] [ 62%] Built target smartphone
[0.073s] [ 75%] Built target add_two_ints_client_no_oop
[0.074s] [ 87%] Built target add_two_ints_client
[0.075s] [ 93%] [32mBuilding CXX object CMakeFiles/number_counter.dir/src/number_counter.cpp.o[0m
[2.005s] [01m[K/home/emirhan/ros2_ws/src/mp_cpp_pkg/src/number_counter.cpp:[m[K In member function â€˜[01m[Kvoid numberCounterNode::numberCallNumberPublisher(example_interfaces::msg::Int64_<std::allocator<void> >::SharedPtr)[m[Kâ€™:
[2.005s] [01m[K/home/emirhan/ros2_ws/src/mp_cpp_pkg/src/number_counter.cpp:23:15:[m[K [01;31m[Kerror: [m[Kâ€˜[01m[Kclass numberCounterNode[m[Kâ€™ has no member named â€˜[01m[Kcounter_[m[Kâ€™
[2.005s]    23 |         this->[01;31m[Kcounter_[m[K += msg->data;
[2.005s]       |               [01;31m[K^~~~~~~~[m[K
[2.015s] [01m[K/home/emirhan/ros2_ws/src/mp_cpp_pkg/src/number_counter.cpp:25:25:[m[K [01;31m[Kerror: [m[Kâ€˜[01m[Kcounter_[m[Kâ€™ was not declared in this scope
[2.015s]    25 |         new_msg->data = [01;31m[Kcounter_[m[K;
[2.015s]       |                         [01;31m[K^~~~~~~~[m[K
[2.022s] [01m[K/home/emirhan/ros2_ws/src/mp_cpp_pkg/src/number_counter.cpp:26:9:[m[K [01;31m[Kerror: [m[Kâ€˜[01m[Knumber_count_publisher_[m[Kâ€™ was not declared in this scope; did you mean â€˜[01m[Krmw_count_publishers[m[Kâ€™?
[2.022s]    26 |         [01;31m[Knumber_count_publisher_[m[K->publish(std::move(new_msg));
[2.022s]       |         [01;31m[K^~~~~~~~~~~~~~~~~~~~~~~[m[K
[2.022s]       |         [32m[Krmw_count_publishers[m[K
[4.110s] gmake[2]: *** [CMakeFiles/number_counter.dir/build.make:76: CMakeFiles/number_counter.dir/src/number_counter.cpp.o] Error 1
[4.110s] gmake[1]: *** [CMakeFiles/Makefile2:255: CMakeFiles/number_counter.dir/all] Error 2
[4.111s] gmake: *** [Makefile:146: all] Error 2
[4.113s] Invoked command in '/home/emirhan/ros2_ws/build/mp_cpp_pkg' returned '2': CMAKE_PREFIX_PATH=${CMAKE_PREFIX_PATH}:/home/emirhan/ros2_ws/install/my_py_pkg:/opt/ros/humble /usr/bin/cmake --build /home/emirhan/ros2_ws/build/mp_cpp_pkg -- -j8 -l8
