[0.013s] Invoking command in '/home/emirhan/ros2_ws/build/mp_cpp_pkg': CMAKE_PREFIX_PATH=${CMAKE_PREFIX_PATH}:/home/emirhan/ros2_ws/install/my_py_pkg:/opt/ros/humble /usr/bin/cmake --build /home/emirhan/ros2_ws/build/mp_cpp_pkg -- -j8 -l8
[0.053s] [ 16%] [32mBuilding CXX object CMakeFiles/smartphone.dir/src/smartphone.cpp.o[0m
[0.057s] [ 50%] Built target cpp_node
[0.058s] [ 83%] Built target robot_news_station
[1.932s] [01m[K/home/emirhan/ros2_ws/src/mp_cpp_pkg/src/smartphone.cpp:[m[K In member function â€˜[01m[Kvoid SmartphoneNode::callbackRobotNews(example_interfaces::msg::String_<std::allocator<void> >::SharedPtr)[m[Kâ€™:
[1.932s] [01m[K/home/emirhan/ros2_ws/src/mp_cpp_pkg/src/smartphone.cpp:19:5:[m[K [01;31m[Kerror: [m[Kexpected â€˜[01m[K;[m[Kâ€™ before â€˜[01m[K}[m[Kâ€™ token
[1.932s]    19 |     [01;31m[K}[m[K
[1.932s]       |     [01;31m[K^[m[K
[3.819s] gmake[2]: *** [CMakeFiles/smartphone.dir/build.make:76: CMakeFiles/smartphone.dir/src/smartphone.cpp.o] Error 1
[3.819s] gmake[1]: *** [CMakeFiles/Makefile2:193: CMakeFiles/smartphone.dir/all] Error 2
[3.819s] gmake: *** [Makefile:146: all] Error 2
[3.821s] Invoked command in '/home/emirhan/ros2_ws/build/mp_cpp_pkg' returned '2': CMAKE_PREFIX_PATH=${CMAKE_PREFIX_PATH}:/home/emirhan/ros2_ws/install/my_py_pkg:/opt/ros/humble /usr/bin/cmake --build /home/emirhan/ros2_ws/build/mp_cpp_pkg -- -j8 -l8
