[0.013s] Invoking command in '/home/emirhan/ros2_ws/build/mp_cpp_pkg': CMAKE_PREFIX_PATH=${CMAKE_PREFIX_PATH}:/home/emirhan/ros2_ws/install/my_py_pkg:/opt/ros/humble /usr/bin/cmake --build /home/emirhan/ros2_ws/build/mp_cpp_pkg -- -j8 -l8
[0.046s] [35m[1mConsolidate compiler generated dependencies of target number_publisher[0m
[0.048s] [35m[1mConsolidate compiler generated dependencies of target number_counter[0m
[0.061s] [ 60%] Built target cpp_node
[0.061s] [ 60%] Built target smartphone
[0.061s] [ 60%] Built target robot_news_station
[0.064s] [ 70%] [32mBuilding CXX object CMakeFiles/number_counter.dir/src/number_counter.cpp.o[0m
[0.067s] [ 80%] [32mBuilding CXX object CMakeFiles/number_publisher.dir/src/number_publisher.cpp.o[0m
[1.991s] [01m[K/home/emirhan/ros2_ws/src/mp_cpp_pkg/src/number_publisher.cpp:[m[K In constructor â€˜[01m[KnumberPublisherNode::numberPublisherNode()[m[Kâ€™:
[1.991s] [01m[K/home/emirhan/ros2_ws/src/mp_cpp_pkg/src/number_publisher.cpp:9:9:[m[K [01;31m[Kerror: [m[Kâ€˜[01m[Kcounter_[m[Kâ€™ was not declared in this scope
[1.991s]     9 |         [01;31m[Kcounter_[m[K = 0;
[1.991s]       |         [01;31m[K^~~~~~~~[m[K
[2.574s] gmake[2]: *** [CMakeFiles/number_publisher.dir/build.make:76: CMakeFiles/number_publisher.dir/src/number_publisher.cpp.o] Error 1
[2.574s] gmake[1]: *** [CMakeFiles/Makefile2:223: CMakeFiles/number_publisher.dir/all] Error 2
[2.574s] gmake[1]: *** Waiting for unfinished jobs....
[6.845s] [ 90%] [32m[1mLinking CXX executable number_counter[0m
[7.177s] [ 90%] Built target number_counter
[7.179s] gmake: *** [Makefile:146: all] Error 2
[7.181s] Invoked command in '/home/emirhan/ros2_ws/build/mp_cpp_pkg' returned '2': CMAKE_PREFIX_PATH=${CMAKE_PREFIX_PATH}:/home/emirhan/ros2_ws/install/my_py_pkg:/opt/ros/humble /usr/bin/cmake --build /home/emirhan/ros2_ws/build/mp_cpp_pkg -- -j8 -l8
