[0.012s] Invoking command in '/home/emirhan/ros2_ws/build/mp_cpp_pkg': CMAKE_PREFIX_PATH=${CMAKE_PREFIX_PATH}:/home/emirhan/ros2_ws/install/my_py_pkg:/opt/ros/humble /usr/bin/cmake --build /home/emirhan/ros2_ws/build/mp_cpp_pkg -- -j8 -l8
[0.056s] [35m[1mConsolidate compiler generated dependencies of target number_counter[0m
[0.073s] [ 25%] Built target cpp_node
[0.073s] [ 37%] Built target robot_news_station
[0.074s] [ 43%] [32mBuilding CXX object CMakeFiles/number_publisher.dir/src/number_publisher.cpp.o[0m
[0.075s] [ 56%] Built target add_two_ints_server
[0.076s] [ 56%] Built target smartphone
[0.076s] [ 68%] Built target add_two_ints_client_no_oop
[0.080s] [ 81%] Built target add_two_ints_client
[0.081s] [ 87%] [32mBuilding CXX object CMakeFiles/number_counter.dir/src/number_counter.cpp.o[0m
[2.122s] [01m[K/home/emirhan/ros2_ws/src/mp_cpp_pkg/src/number_counter.cpp:[m[K In constructor â€˜[01m[KnumberCounterNode::numberCounterNode()[m[Kâ€™:
[2.122s] [01m[K/home/emirhan/ros2_ws/src/mp_cpp_pkg/src/number_counter.cpp:8:51:[m[K [01;31m[Kerror: [m[Kclass â€˜[01m[KnumberCounterNode[m[Kâ€™ does not have any field named â€˜[01m[Kcounter_[m[Kâ€™
[2.122s]     8 |     numberCounterNode() : Node("number_counter"), [01;31m[Kcounter_[m[K(0)
[2.122s]       |                                                   [01;31m[K^~~~~~~~[m[K
[2.122s] [01m[K/home/emirhan/ros2_ws/src/mp_cpp_pkg/src/number_counter.cpp:10:15:[m[K [01;31m[Kerror: [m[Kâ€˜[01m[Kclass numberCounterNode[m[Kâ€™ has no member named â€˜[01m[Kcounter[m[Kâ€™
[2.122s]    10 |         this->[01;31m[Kcounter[m[K=0;
[2.122s]       |               [01;31m[K^~~~~~~[m[K
[2.136s] [01m[K/home/emirhan/ros2_ws/src/mp_cpp_pkg/src/number_counter.cpp:[m[K In member function â€˜[01m[Kvoid numberCounterNode::numberCallNumberPublisher(example_interfaces::msg::Int64_<std::allocator<void> >::SharedPtr)[m[Kâ€™:
[2.136s] [01m[K/home/emirhan/ros2_ws/src/mp_cpp_pkg/src/number_counter.cpp:22:84:[m[K [01;35m[Kwarning: [m[Kunused parameter â€˜[01m[Kmsg[m[Kâ€™ [[01;35m[K]8;;https://gcc.gnu.org/onlinedocs/gcc/Warning-Options.html#index-Wunused-parameter-Wunused-parameter]8;;[m[K]
[2.136s]    22 |     void numberCallNumberPublisher([01;35m[Kconst example_interfaces::msg::Int64::SharedPtr msg[m[K)
[2.136s]       |                                    [01;35m[K~~~~~~~~~~~~~~~~~~~~~~~~~~~~~~~~~~~~~~~~~~~~~~~~^~~[m[K
[2.139s] [01m[K/home/emirhan/ros2_ws/src/mp_cpp_pkg/src/number_counter.cpp:[m[K In member function â€˜[01m[Kvoid numberCounterNode::resetCounterService(std::shared_ptr<example_interfaces::srv::SetBool_Request_<std::allocator<void> > >, std::shared_ptr<example_interfaces::srv::SetBool_Response_<std::allocator<void> > >)[m[Kâ€™:
[2.139s] [01m[K/home/emirhan/ros2_ws/src/mp_cpp_pkg/src/number_counter.cpp:33:19:[m[K [01;31m[Kerror: [m[Kâ€˜[01m[Kclass numberCounterNode[m[Kâ€™ has no member named â€˜[01m[Kcounter_[m[Kâ€™
[2.139s]    33 |             this->[01;31m[Kcounter_[m[K =  0;
[2.139s]       |                   [01;31m[K^~~~~~~~[m[K
[3.693s] [ 93%] [32m[1mLinking CXX executable number_publisher[0m
[3.871s] [ 93%] Built target number_publisher
[4.303s] gmake[2]: *** [CMakeFiles/number_counter.dir/build.make:76: CMakeFiles/number_counter.dir/src/number_counter.cpp.o] Error 1
[4.303s] gmake[1]: *** [CMakeFiles/Makefile2:255: CMakeFiles/number_counter.dir/all] Error 2
[4.304s] gmake: *** [Makefile:146: all] Error 2
[4.306s] Invoked command in '/home/emirhan/ros2_ws/build/mp_cpp_pkg' returned '2': CMAKE_PREFIX_PATH=${CMAKE_PREFIX_PATH}:/home/emirhan/ros2_ws/install/my_py_pkg:/opt/ros/humble /usr/bin/cmake --build /home/emirhan/ros2_ws/build/mp_cpp_pkg -- -j8 -l8
