[0.011s] Invoking command in '/home/emirhan/ros2_ws/build/mp_cpp_pkg': CMAKE_PREFIX_PATH=${CMAKE_PREFIX_PATH}:/home/emirhan/ros2_ws/install/my_py_pkg:/opt/ros/humble /usr/bin/cmake --build /home/emirhan/ros2_ws/build/mp_cpp_pkg -- -j8 -l8
[0.042s] [35m[1mConsolidate compiler generated dependencies of target cpp_node[0m
[0.051s] [ 12%] [32mBuilding CXX object CMakeFiles/number.dir/src/number_publisher.cpp.o[0m
[0.052s] [ 37%] Built target robot_news_station
[0.053s] [ 62%] Built target smartphone
[0.058s] [01m[K/home/emirhan/ros2_ws/src/mp_cpp_pkg/src/number_publisher.cpp:1:10:[m[K [01;31m[Kfatal error: [m[Krclcpp/rclcpp.hpp: No such file or directory
[0.058s]     1 | #include [01;31m[K"rclcpp/rclcpp.hpp"[m[K
[0.058s]       |          [01;31m[K^~~~~~~~~~~~~~~~~~~[m[K
[0.058s] compilation terminated.
[0.058s] [ 87%] Built target cpp_node
[0.059s] gmake[2]: *** [CMakeFiles/number.dir/build.make:76: CMakeFiles/number.dir/src/number_publisher.cpp.o] Error 1
[0.059s] gmake[1]: *** [CMakeFiles/Makefile2:221: CMakeFiles/number.dir/all] Error 2
[0.059s] gmake[1]: *** Waiting for unfinished jobs....
[0.060s] gmake: *** [Makefile:146: all] Error 2
[0.061s] Invoked command in '/home/emirhan/ros2_ws/build/mp_cpp_pkg' returned '2': CMAKE_PREFIX_PATH=${CMAKE_PREFIX_PATH}:/home/emirhan/ros2_ws/install/my_py_pkg:/opt/ros/humble /usr/bin/cmake --build /home/emirhan/ros2_ws/build/mp_cpp_pkg -- -j8 -l8
