[01m[K/home/emirhan/ros2_ws/src/mp_cpp_pkg/src/number_publisher.cpp:[m[K In constructor â€˜[01m[KnumberPublisherNode::numberPublisherNode()[m[Kâ€™:
[01m[K/home/emirhan/ros2_ws/src/mp_cpp_pkg/src/number_publisher.cpp:9:9:[m[K [01;31m[Kerror: [m[Kâ€˜[01m[Kpubisher_[m[Kâ€™ was not declared in this scope; did you mean â€˜[01m[Kpublisher_[m[Kâ€™?
    9 |         [01;31m[Kpubisher_[m[K = this->create_publisher<example_interfaces::msg::Int64>("number_publisher",10);
      |         [01;31m[K^~~~~~~~~[m[K
      |         [32m[Kpublisher_[m[K
gmake[2]: *** [CMakeFiles/number.dir/build.make:76: CMakeFiles/number.dir/src/number_publisher.cpp.o] Error 1
gmake[1]: *** [CMakeFiles/Makefile2:221: CMakeFiles/number.dir/all] Error 2
gmake[1]: *** Waiting for unfinished jobs....
gmake: *** [Makefile:146: all] Error 2
