[0.011s] Invoking command in '/home/emirhan/ros2_ws/build/mp_cpp_pkg': CMAKE_PREFIX_PATH=${CMAKE_PREFIX_PATH}:/home/emirhan/ros2_ws/install/my_py_pkg:/opt/ros/humble /usr/bin/cmake --build /home/emirhan/ros2_ws/build/mp_cpp_pkg -- -j8 -l8
[0.031s] -- Found ament_cmake: 1.3.5 (/opt/ros/humble/share/ament_cmake/cmake)
[0.142s] -- Override CMake install command with custom implementation using symlinks instead of copying resources
[0.150s] -- Found rclcpp: 16.0.5 (/opt/ros/humble/share/rclcpp/cmake)
[0.176s] -- Found rosidl_generator_c: 3.1.5 (/opt/ros/humble/share/rosidl_generator_c/cmake)
[0.179s] -- Found rosidl_adapter: 3.1.5 (/opt/ros/humble/share/rosidl_adapter/cmake)
[0.184s] -- Found rosidl_generator_cpp: 3.1.5 (/opt/ros/humble/share/rosidl_generator_cpp/cmake)
[0.194s] -- Using all available rosidl_typesupport_c: rosidl_typesupport_fastrtps_c;rosidl_typesupport_introspection_c
[0.208s] -- Using all available rosidl_typesupport_cpp: rosidl_typesupport_fastrtps_cpp;rosidl_typesupport_introspection_cpp
[0.263s] -- Found rmw_implementation_cmake: 6.1.1 (/opt/ros/humble/share/rmw_implementation_cmake/cmake)
[0.264s] -- Found rmw_fastrtps_cpp: 6.2.3 (/opt/ros/humble/share/rmw_fastrtps_cpp/cmake)
[0.365s] -- Using RMW implementation 'rmw_fastrtps_cpp' as default
[0.513s] -- Found example_interfaces: 0.9.3 (/opt/ros/humble/share/example_interfaces/cmake)
[0.698s] -- Configuring done
[0.714s] -- Generating done
[0.715s] -- Build files have been written to: /home/emirhan/ros2_ws/build/mp_cpp_pkg
[0.736s] [35m[1mConsolidate compiler generated dependencies of target robot_news_station[0m
[0.736s] [35m[1mConsolidate compiler generated dependencies of target cpp_node[0m
[0.736s] [35m[1mConsolidate compiler generated dependencies of target smartphone[0m
[0.744s] [ 12%] [32mBuilding CXX object CMakeFiles/number.dir/src/number_publisher.cpp.o[0m
[0.752s] [ 25%] [32mBuilding CXX object CMakeFiles/cpp_node.dir/src/my_first_node.cpp.o[0m
[0.753s] [ 50%] Built target robot_news_station
[0.758s] [ 75%] Built target smartphone
[2.663s] [01m[K/home/emirhan/ros2_ws/src/mp_cpp_pkg/src/number_publisher.cpp:[m[K In constructor â€˜[01m[KnumberPublisherNode::numberPublisherNode()[m[Kâ€™:
[2.663s] [01m[K/home/emirhan/ros2_ws/src/mp_cpp_pkg/src/number_publisher.cpp:9:9:[m[K [01;31m[Kerror: [m[Kâ€˜[01m[Kpubisher_[m[Kâ€™ was not declared in this scope; did you mean â€˜[01m[Kpublisher_[m[Kâ€™?
[2.663s]     9 |         [01;31m[Kpubisher_[m[K = this->create_publisher<example_interfaces::msg::Int64>("number_publisher",10);
[2.663s]       |         [01;31m[K^~~~~~~~~[m[K
[2.663s]       |         [32m[Kpublisher_[m[K
[3.203s] gmake[2]: *** [CMakeFiles/number.dir/build.make:76: CMakeFiles/number.dir/src/number_publisher.cpp.o] Error 1
[3.203s] gmake[1]: *** [CMakeFiles/Makefile2:221: CMakeFiles/number.dir/all] Error 2
[3.203s] gmake[1]: *** Waiting for unfinished jobs....
[3.243s] [ 87%] [32m[1mLinking CXX executable cpp_node[0m
[3.340s] [ 87%] Built target cpp_node
[3.341s] gmake: *** [Makefile:146: all] Error 2
[3.343s] Invoked command in '/home/emirhan/ros2_ws/build/mp_cpp_pkg' returned '2': CMAKE_PREFIX_PATH=${CMAKE_PREFIX_PATH}:/home/emirhan/ros2_ws/install/my_py_pkg:/opt/ros/humble /usr/bin/cmake --build /home/emirhan/ros2_ws/build/mp_cpp_pkg -- -j8 -l8
