-- Found ament_cmake: 1.3.5 (/opt/ros/humble/share/ament_cmake/cmake)
-- Override CMake install command with custom implementation using symlinks instead of copying resources
-- Found rclcpp: 16.0.4 (/opt/ros/humble/share/rclcpp/cmake)
-- Found rosidl_generator_c: 3.1.4 (/opt/ros/humble/share/rosidl_generator_c/cmake)
-- Found rosidl_adapter: 3.1.4 (/opt/ros/humble/share/rosidl_adapter/cmake)
-- Found rosidl_generator_cpp: 3.1.4 (/opt/ros/humble/share/rosidl_generator_cpp/cmake)
-- Using all available rosidl_typesupport_c: rosidl_typesupport_fastrtps_c;rosidl_typesupport_introspection_c
-- Using all available rosidl_typesupport_cpp: rosidl_typesupport_fastrtps_cpp;rosidl_typesupport_introspection_cpp
-- Found rmw_implementation_cmake: 6.1.1 (/opt/ros/humble/share/rmw_implementation_cmake/cmake)
-- Found rmw_fastrtps_cpp: 6.2.2 (/opt/ros/humble/share/rmw_fastrtps_cpp/cmake)
-- Using RMW implementation 'rmw_fastrtps_cpp' as default
-- Found example_interfaces: 0.9.3 (/opt/ros/humble/share/example_interfaces/cmake)
-- Configuring done
-- Generating done
-- Build files have been written to: /home/emirhan/ros2_ws/build/mp_cpp_pkg
[35m[1mConsolidate compiler generated dependencies of target cpp_node[0m
[ 25%] [32mBuilding CXX object CMakeFiles/robot_news_station.dir/src/robot_news_station.cpp.o[0m
[ 50%] [32mBuilding CXX object CMakeFiles/cpp_node.dir/src/my_first_node.cpp.o[0m
[01m[K/home/emirhan/ros2_ws/src/mp_cpp_pkg/src/robot_news_station.cpp:24:23:[m[K [01;31m[Kerror: [m[Kâ€˜[01m[Kexample_interface[m[Kâ€™ was not declared in this scope; did you mean â€˜[01m[Kexample_interfaces[m[Kâ€™?
   24 |     rclcpp::Publisher<[01;31m[Kexample_interface[m[K::msg::String>::SharedPtr publisher_;
      |                       [01;31m[K^~~~~~~~~~~~~~~~~[m[K
      |                       [32m[Kexample_interfaces[m[K
[01m[K/home/emirhan/ros2_ws/src/mp_cpp_pkg/src/robot_news_station.cpp:24:53:[m[K [01;31m[Kerror: [m[Ktemplate argument 1 is invalid
   24 |     rclcpp::Publisher<example_interface::msg::String[01;31m[K>[m[K::SharedPtr publisher_;
      |                                                     [01;31m[K^[m[K
[01m[K/home/emirhan/ros2_ws/src/mp_cpp_pkg/src/robot_news_station.cpp:24:56:[m[K [01;31m[Kerror: [m[Kexpected â€˜[01m[K;[m[Kâ€™ at end of member declaration
   24 |     rclcpp::Publisher<example_interface::msg::String>::[01;31m[KSharedPtr[m[K publisher_;
      |                                                        [01;31m[K^~~~~~~~~[m[K
      |                                                                 [32m[K;[m[K
[01m[K/home/emirhan/ros2_ws/src/mp_cpp_pkg/src/robot_news_station.cpp:24:66:[m[K [01;31m[Kerror: [m[Kâ€˜[01m[Kpublisher_[m[Kâ€™ does not name a type; did you mean â€˜[01m[Krmw_publisher_t[m[Kâ€™?
   24 |     rclcpp::Publisher<example_interface::msg::String>::SharedPtr [01;31m[Kpublisher_[m[K;
      |                                                                  [01;31m[K^~~~~~~~~~[m[K
      |                                                                  [32m[Krmw_publisher_t[m[K
[01m[K/home/emirhan/ros2_ws/src/mp_cpp_pkg/src/robot_news_station.cpp:[m[K In constructor â€˜[01m[KRobotNewsStationNode::RobotNewsStationNode()[m[Kâ€™:
[01m[K/home/emirhan/ros2_ws/src/mp_cpp_pkg/src/robot_news_station.cpp:9:9:[m[K [01;31m[Kerror: [m[Kâ€˜[01m[Kpublisher_[m[Kâ€™ was not declared in this scope; did you mean â€˜[01m[KpublishNews[m[Kâ€™?
    9 |         [01;31m[Kpublisher_[m[K = this->create_publisher<example_interfaces::msg::String>("robot_news",10);
      |         [01;31m[K^~~~~~~~~~[m[K
      |         [32m[KpublishNews[m[K
[01m[K/home/emirhan/ros2_ws/src/mp_cpp_pkg/src/robot_news_station.cpp:10:16:[m[K [01;31m[Kerror: [m[Kexpected â€˜[01m[K;[m[Kâ€™ before â€˜[01m[Kthis[m[Kâ€™
   10 |         timer_ [01;31m[Kthis[m[K->create_wall_timer(std::chrono::milliseconds(500),
      |                [01;31m[K^~~~[m[K
[01m[K/home/emirhan/ros2_ws/src/mp_cpp_pkg/src/robot_news_station.cpp:10:9:[m[K [01;35m[Kwarning: [m[Kstatement has no effect [[01;35m[K]8;;https://gcc.gnu.org/onlinedocs/gcc/Warning-Options.html#index-Wunused-value-Wunused-value]8;;[m[K]
   10 |         [01;35m[Ktimer_[m[K this->create_wall_timer(std::chrono::milliseconds(500),
      |         [01;35m[K^~~~~~[m[K
[01m[K/home/emirhan/ros2_ws/src/mp_cpp_pkg/src/robot_news_station.cpp:[m[K In member function â€˜[01m[Kvoid RobotNewsStationNode::publishNews()[m[Kâ€™:
[01m[K/home/emirhan/ros2_ws/src/mp_cpp_pkg/src/robot_news_station.cpp:20:9:[m[K [01;31m[Kerror: [m[Kâ€˜[01m[Kpublisher_[m[Kâ€™ was not declared in this scope; did you mean â€˜[01m[KpublishNews[m[Kâ€™?
   20 |         [01;31m[Kpublisher_[m[K->publish(msg);
      |         [01;31m[K^~~~~~~~~~[m[K
      |         [32m[KpublishNews[m[K
gmake[2]: *** [CMakeFiles/robot_news_station.dir/build.make:76: CMakeFiles/robot_news_station.dir/src/robot_news_station.cpp.o] Error 1
gmake[1]: *** [CMakeFiles/Makefile2:165: CMakeFiles/robot_news_station.dir/all] Error 2
gmake[1]: *** Waiting for unfinished jobs....
[ 75%] [32m[1mLinking CXX executable cpp_node[0m
[ 75%] Built target cpp_node
gmake: *** [Makefile:146: all] Error 2
