[0.012s] Invoking command in '/home/emirhan/ros2_ws/build/mp_cpp_pkg': CMAKE_PREFIX_PATH=${CMAKE_PREFIX_PATH}:/home/emirhan/ros2_ws/install/my_py_pkg:/opt/ros/humble /usr/bin/cmake --build /home/emirhan/ros2_ws/build/mp_cpp_pkg -- -j8 -l8
[0.091s] [35m[1mConsolidate compiler generated dependencies of target add_two_ints_client[0m
[0.103s] [ 12%] Built target cpp_node
[0.104s] [ 25%] Built target smartphone
[0.104s] [ 37%] Built target add_two_ints_server
[0.104s] [ 56%] Built target robot_news_station
[0.104s] [ 56%] [32mBuilding CXX object CMakeFiles/number_counter.dir/src/number_counter.cpp.o[0m
[0.105s] [ 68%] Built target add_two_ints_client_no_oop
[0.109s] [ 81%] Built target number_publisher
[0.115s] [ 93%] Built target add_two_ints_client
[0.397s] [01m[K/home/emirhan/ros2_ws/src/mp_cpp_pkg/src/number_counter.cpp:3:10:[m[K [01;31m[Kfatal error: [m[Kexample_interface/msg/SetBool.hpp: No such file or directory
[0.397s]     3 | #include [01;31m[K"example_interface/msg/SetBool.hpp"[m[K
[0.397s]       |          [01;31m[K^~~~~~~~~~~~~~~~~~~~~~~~~~~~~~~~~~~[m[K
[0.397s] compilation terminated.
[0.399s] gmake[2]: *** [CMakeFiles/number_counter.dir/build.make:76: CMakeFiles/number_counter.dir/src/number_counter.cpp.o] Error 1
[0.399s] gmake[1]: *** [CMakeFiles/Makefile2:255: CMakeFiles/number_counter.dir/all] Error 2
[0.400s] gmake: *** [Makefile:146: all] Error 2
[0.402s] Invoked command in '/home/emirhan/ros2_ws/build/mp_cpp_pkg' returned '2': CMAKE_PREFIX_PATH=${CMAKE_PREFIX_PATH}:/home/emirhan/ros2_ws/install/my_py_pkg:/opt/ros/humble /usr/bin/cmake --build /home/emirhan/ros2_ws/build/mp_cpp_pkg -- -j8 -l8
