[0.012s] Invoking command in '/home/emirhan/ros2_ws/build/mp_cpp_pkg': CMAKE_PREFIX_PATH=${CMAKE_PREFIX_PATH}:/home/emirhan/ros2_ws/install/my_py_pkg:/opt/ros/humble /usr/bin/cmake --build /home/emirhan/ros2_ws/build/mp_cpp_pkg -- -j8 -l8
[0.071s] [ 12%] Built target smartphone
[0.072s] [ 25%] Built target cpp_node
[0.072s] [ 31%] [32mBuilding CXX object CMakeFiles/number_counter.dir/src/number_counter.cpp.o[0m
[0.072s] [ 43%] Built target robot_news_station
[0.073s] [ 56%] Built target number_publisher
[0.074s] [ 75%] Built target add_two_ints_client
[0.075s] [ 81%] Built target add_two_ints_client_no_oop
[0.080s] [ 93%] Built target add_two_ints_server
[1.998s] [01m[K/home/emirhan/ros2_ws/src/mp_cpp_pkg/src/number_counter.cpp:25:33:[m[K [01;31m[Kerror: [m[Kâ€˜[01m[Kself[m[Kâ€™ has not been declared
[1.998s]    25 |     void callback_reset_counter([01;31m[Kself[m[K, request ,response)
[1.998s]       |                                 [01;31m[K^~~~[m[K
[1.998s] [01m[K/home/emirhan/ros2_ws/src/mp_cpp_pkg/src/number_counter.cpp:25:39:[m[K [01;31m[Kerror: [m[Kâ€˜[01m[Krequest[m[Kâ€™ has not been declared
[1.998s]    25 |     void callback_reset_counter(self, [01;31m[Krequest[m[K ,response)
[1.998s]       |                                       [01;31m[K^~~~~~~[m[K
[1.998s] [01m[K/home/emirhan/ros2_ws/src/mp_cpp_pkg/src/number_counter.cpp:25:48:[m[K [01;31m[Kerror: [m[Kâ€˜[01m[Kresponse[m[Kâ€™ has not been declared
[1.998s]    25 |     void callback_reset_counter(self, request ,[01;31m[Kresponse[m[K)
[1.998s]       |                                                [01;31m[K^~~~~~~~[m[K
[2.050s] [01m[K/home/emirhan/ros2_ws/src/mp_cpp_pkg/src/number_counter.cpp:[m[K In constructor â€˜[01m[KnumberCounterNode::numberCounterNode()[m[Kâ€™:
[2.050s] [01m[K/home/emirhan/ros2_ws/src/mp_cpp_pkg/src/number_counter.cpp:15:21:[m[K [01;31m[Kerror: [m[Kexpected â€˜[01m[K)[m[Kâ€™ before â€˜[01m[Kstd[m[Kâ€™
[2.050s]    15 |                     [01;31m[Kstd[m[K::bind(&numberCounterNode::callback_reset_counter));
[2.050s]       |                     [01;31m[K^~~[m[K
[2.050s] [01m[K/home/emirhan/ros2_ws/src/mp_cpp_pkg/src/number_counter.cpp:14:74:[m[K [01;36m[Knote: [m[Kto match this â€˜[01m[K([m[Kâ€™
[2.051s]    14 |         service_ = this->create_service<example_interfaces::srv::SetBool>[01;36m[K([m[K"reset_counter"
[2.051s]       |                                                                          [01;36m[K^[m[K
[2.051s] [01m[K/home/emirhan/ros2_ws/src/mp_cpp_pkg/src/number_counter.cpp:14:74:[m[K [01;31m[Kerror: [m[Kno matching function for call to â€˜[01m[KnumberCounterNode::create_service<example_interfaces::srv::SetBool>(const char [14])[m[Kâ€™
[2.051s]    14 |         service_ = [01;31m[Kthis->create_service<example_interfaces::srv::SetBool>("reset_counter"[m[K
[2.051s]       |                    [01;31m[K~~~~~~~~~~~~~~~~~~~~~~~~~~~~~~~~~~~~~~~~~~~~~~~~~~~~~~^~~~~~~~~~~~~~~~[m[K
[2.051s]    15 | [01;31m[K                    std[m[K::bind(&numberCounterNode::callback_reset_counter));
[2.051s]       |                     [01;31m[K~~~[m[K                                                   
[2.051s] In file included from [01m[K/opt/ros/humble/include/rclcpp/rclcpp/executors/single_threaded_executor.hpp:28[m[K,
[2.051s]                  from [01m[K/opt/ros/humble/include/rclcpp/rclcpp/executors.hpp:22[m[K,
[2.051s]                  from [01m[K/opt/ros/humble/include/rclcpp/rclcpp/rclcpp.hpp:155[m[K,
[2.051s]                  from [01m[K/home/emirhan/ros2_ws/src/mp_cpp_pkg/src/number_counter.cpp:1[m[K:
[2.051s] [01m[K/opt/ros/humble/include/rclcpp/rclcpp/node.hpp:267:3:[m[K [01;36m[Knote: [m[Kcandidate: â€˜[01m[Ktemplate<class ServiceT, class CallbackT> typename rclcpp::Service<ServiceT>::SharedPtr rclcpp::Node::create_service(const string&, CallbackT&&, const rmw_qos_profile_t&, rclcpp::CallbackGroup::SharedPtr)[m[Kâ€™
[2.051s]   267 |   [01;36m[Kcreate_service[m[K(
[2.052s]       |   [01;36m[K^~~~~~~~~~~~~~[m[K
[2.052s] [01m[K/opt/ros/humble/include/rclcpp/rclcpp/node.hpp:267:3:[m[K [01;36m[Knote: [m[K  template argument deduction/substitution failed:
[2.052s] [01m[K/home/emirhan/ros2_ws/src/mp_cpp_pkg/src/number_counter.cpp:14:74:[m[K [01;36m[Knote: [m[K  candidate expects 4 arguments, 1 provided
[2.052s]    14 |         service_ = [01;36m[Kthis->create_service<example_interfaces::srv::SetBool>("reset_counter"[m[K
[2.052s]       |                    [01;36m[K~~~~~~~~~~~~~~~~~~~~~~~~~~~~~~~~~~~~~~~~~~~~~~~~~~~~~~^~~~~~~~~~~~~~~~[m[K
[2.052s]    15 | [01;36m[K                    std[m[K::bind(&numberCounterNode::callback_reset_counter));
[2.052s]       |                     [01;36m[K~~~[m[K                                                   
[2.054s] [01m[K/home/emirhan/ros2_ws/src/mp_cpp_pkg/src/number_counter.cpp:[m[K In member function â€˜[01m[Kvoid numberCounterNode::numberCallNumberPublisher(example_interfaces::msg::Int64_<std::allocator<void> >::SharedPtr)[m[Kâ€™:
[2.054s] [01m[K/home/emirhan/ros2_ws/src/mp_cpp_pkg/src/number_counter.cpp:20:84:[m[K [01;35m[Kwarning: [m[Kunused parameter â€˜[01m[Kmsg[m[Kâ€™ [[01;35m[K]8;;https://gcc.gnu.org/onlinedocs/gcc/Warning-Options.html#index-Wunused-parameter-Wunused-parameter]8;;[m[K]
[2.054s]    20 |     void numberCallNumberPublisher([01;35m[Kconst example_interfaces::msg::Int64::SharedPtr msg[m[K)
[2.054s]       |                                    [01;35m[K~~~~~~~~~~~~~~~~~~~~~~~~~~~~~~~~~~~~~~~~~~~~~~~~^~~[m[K
[2.054s] [01m[K/home/emirhan/ros2_ws/src/mp_cpp_pkg/src/number_counter.cpp:[m[K In member function â€˜[01m[Kvoid numberCounterNode::callback_reset_counter(int, int, int)[m[Kâ€™:
[2.054s] [01m[K/home/emirhan/ros2_ws/src/mp_cpp_pkg/src/number_counter.cpp:27:12:[m[K [01;31m[Kerror: [m[Kexpected â€˜[01m[K([m[Kâ€™ before â€˜[01m[Krequest[m[Kâ€™
[2.054s]    27 |         if [01;31m[Krequest[m[K.data:
[2.054s]       |            [01;31m[K^~~~~~~[m[K
[3.980s] gmake[2]: *** [CMakeFiles/number_counter.dir/build.make:76: CMakeFiles/number_counter.dir/src/number_counter.cpp.o] Error 1
[3.980s] gmake[1]: *** [CMakeFiles/Makefile2:255: CMakeFiles/number_counter.dir/all] Error 2
[3.980s] gmake: *** [Makefile:146: all] Error 2
[3.983s] Invoked command in '/home/emirhan/ros2_ws/build/mp_cpp_pkg' returned '2': CMAKE_PREFIX_PATH=${CMAKE_PREFIX_PATH}:/home/emirhan/ros2_ws/install/my_py_pkg:/opt/ros/humble /usr/bin/cmake --build /home/emirhan/ros2_ws/build/mp_cpp_pkg -- -j8 -l8
