[35m[1mConsolidate compiler generated dependencies of target number_publisher[0m
[ 20%] Built target smartphone
[ 40%] Built target robot_news_station
[ 60%] Built target cpp_node
[ 80%] Built target number_counter
[ 90%] [32mBuilding CXX object CMakeFiles/number_publisher.dir/src/number_publisher.cpp.o[0m
[01m[K/home/emirhan/ros2_ws/src/mp_cpp_pkg/src/number_publisher.cpp:[m[K In constructor â€˜[01m[KnumberPublisherNode::numberPublisherNode()[m[Kâ€™:
[01m[K/home/emirhan/ros2_ws/src/mp_cpp_pkg/src/number_publisher.cpp:9:13:[m[K [01;35m[Kwarning: [m[Kunused variable â€˜[01m[Kcounter_[m[Kâ€™ [[01;35m[K]8;;https://gcc.gnu.org/onlinedocs/gcc/Warning-Options.html#index-Wunused-variable-Wunused-variable]8;;[m[K]
    9 |         int [01;35m[Kcounter_[m[K =0;
      |             [01;35m[K^~~~~~~~[m[K
[01m[K/home/emirhan/ros2_ws/src/mp_cpp_pkg/src/number_publisher.cpp:[m[K In member function â€˜[01m[Kvoid numberPublisherNode::PublishNenws()[m[Kâ€™:
[01m[K/home/emirhan/ros2_ws/src/mp_cpp_pkg/src/number_publisher.cpp:18:20:[m[K [01;31m[Kerror: [m[Kâ€˜[01m[Kcounter_[m[Kâ€™ was not declared in this scope
   18 |         msg.data = [01;31m[Kcounter_[m[K;
      |                    [01;31m[K^~~~~~~~[m[K
gmake[2]: *** [CMakeFiles/number_publisher.dir/build.make:76: CMakeFiles/number_publisher.dir/src/number_publisher.cpp.o] Error 1
gmake[1]: *** [CMakeFiles/Makefile2:223: CMakeFiles/number_publisher.dir/all] Error 2
gmake: *** [Makefile:146: all] Error 2
